Performing C SOURCE FILE Test CMAKE_HAVE_LIBC_PTHREAD failed with the following output:
Change Dir: /home/siyan/SiyanWang_ws/src/f1_10/saz_pure_pursuit/cmake-build-debug/CMakeFiles/CMakeTmp

Run Build Command(s):/usr/bin/make cmTC_898aa/fast && /usr/bin/make -f CMakeFiles/cmTC_898aa.dir/build.make CMakeFiles/cmTC_898aa.dir/build
make[1]: Entering directory '/home/siyan/SiyanWang_ws/src/f1_10/saz_pure_pursuit/cmake-build-debug/CMakeFiles/CMakeTmp'
Building C object CMakeFiles/cmTC_898aa.dir/src.c.o
/usr/bin/cc   -DCMAKE_HAVE_LIBC_PTHREAD   -o CMakeFiles/cmTC_898aa.dir/src.c.o   -c /home/siyan/SiyanWang_ws/src/f1_10/saz_pure_pursuit/cmake-build-debug/CMakeFiles/CMakeTmp/src.c
Linking C executable cmTC_898aa
/home/siyan/clion-2019.2.1/bin/cmake/linux/bin/cmake -E cmake_link_script CMakeFiles/cmTC_898aa.dir/link.txt --verbose=1
/usr/bin/cc  -DCMAKE_HAVE_LIBC_PTHREAD    -rdynamic CMakeFiles/cmTC_898aa.dir/src.c.o  -o cmTC_898aa 
CMakeFiles/cmTC_898aa.dir/src.c.o: In function `main':
src.c:(.text+0x3c): undefined reference to `pthread_create'
src.c:(.text+0x48): undefined reference to `pthread_detach'
src.c:(.text+0x59): undefined reference to `pthread_join'
src.c:(.text+0x6d): undefined reference to `pthread_atfork'
collect2: error: ld returned 1 exit status
CMakeFiles/cmTC_898aa.dir/build.make:86: recipe for target 'cmTC_898aa' failed
make[1]: *** [cmTC_898aa] Error 1
make[1]: Leaving directory '/home/siyan/SiyanWang_ws/src/f1_10/saz_pure_pursuit/cmake-build-debug/CMakeFiles/CMakeTmp'
Makefile:121: recipe for target 'cmTC_898aa/fast' failed
make: *** [cmTC_898aa/fast] Error 2


Source file was:
#include <pthread.h>

void* test_func(void* data)
{
  return data;
}

int main(void)
{
  pthread_t thread;
  pthread_create(&thread, NULL, test_func, NULL);
  pthread_detach(thread);
  pthread_join(thread, NULL);
  pthread_atfork(NULL, NULL, NULL);
  pthread_exit(NULL);

  return 0;
}

Determining if the function pthread_create exists in the pthreads failed with the following output:
Change Dir: /home/siyan/SiyanWang_ws/src/f1_10/saz_pure_pursuit/cmake-build-debug/CMakeFiles/CMakeTmp

Run Build Command(s):/usr/bin/make cmTC_5b24c/fast && /usr/bin/make -f CMakeFiles/cmTC_5b24c.dir/build.make CMakeFiles/cmTC_5b24c.dir/build
make[1]: Entering directory '/home/siyan/SiyanWang_ws/src/f1_10/saz_pure_pursuit/cmake-build-debug/CMakeFiles/CMakeTmp'
Building C object CMakeFiles/cmTC_5b24c.dir/CheckFunctionExists.c.o
/usr/bin/cc   -DCHECK_FUNCTION_EXISTS=pthread_create   -o CMakeFiles/cmTC_5b24c.dir/CheckFunctionExists.c.o   -c /home/siyan/clion-2019.2.1/bin/cmake/linux/share/cmake-3.15/Modules/CheckFunctionExists.c
Linking C executable cmTC_5b24c
/home/siyan/clion-2019.2.1/bin/cmake/linux/bin/cmake -E cmake_link_script CMakeFiles/cmTC_5b24c.dir/link.txt --verbose=1
/usr/bin/cc  -DCHECK_FUNCTION_EXISTS=pthread_create    -rdynamic CMakeFiles/cmTC_5b24c.dir/CheckFunctionExists.c.o  -o cmTC_5b24c -lpthreads 
/usr/bin/ld: cannot find -lpthreads
collect2: error: ld returned 1 exit status
CMakeFiles/cmTC_5b24c.dir/build.make:86: recipe for target 'cmTC_5b24c' failed
make[1]: *** [cmTC_5b24c] Error 1
make[1]: Leaving directory '/home/siyan/SiyanWang_ws/src/f1_10/saz_pure_pursuit/cmake-build-debug/CMakeFiles/CMakeTmp'
Makefile:121: recipe for target 'cmTC_5b24c/fast' failed
make: *** [cmTC_5b24c/fast] Error 2



