Determining if the pthread_create exist failed with the following output:
Change Dir: /home/siyan/SiyanWang_ws/src/siyanwang_safety_skeleton/cmake-build-debug/CMakeFiles/CMakeTmp

Run Build Command(s):/usr/bin/make cmTC_3e63e/fast 
/usr/bin/make -f CMakeFiles/cmTC_3e63e.dir/build.make CMakeFiles/cmTC_3e63e.dir/build
make[1]: Entering directory '/home/siyan/SiyanWang_ws/src/siyanwang_safety_skeleton/cmake-build-debug/CMakeFiles/CMakeTmp'
Building C object CMakeFiles/cmTC_3e63e.dir/CheckSymbolExists.c.o
/usr/bin/cc    -o CMakeFiles/cmTC_3e63e.dir/CheckSymbolExists.c.o   -c /home/siyan/SiyanWang_ws/src/siyanwang_safety_skeleton/cmake-build-debug/CMakeFiles/CMakeTmp/CheckSymbolExists.c
Linking C executable cmTC_3e63e
/home/siyan/clion-2019.2.1/bin/cmake/linux/bin/cmake -E cmake_link_script CMakeFiles/cmTC_3e63e.dir/link.txt --verbose=1
/usr/bin/cc      -rdynamic CMakeFiles/cmTC_3e63e.dir/CheckSymbolExists.c.o  -o cmTC_3e63e 
CMakeFiles/cmTC_3e63e.dir/CheckSymbolExists.c.o: In function `main':
CheckSymbolExists.c:(.text+0x16): undefined reference to `pthread_create'
collect2: error: ld returned 1 exit status
CMakeFiles/cmTC_3e63e.dir/build.make:86: recipe for target 'cmTC_3e63e' failed
make[1]: *** [cmTC_3e63e] Error 1
make[1]: Leaving directory '/home/siyan/SiyanWang_ws/src/siyanwang_safety_skeleton/cmake-build-debug/CMakeFiles/CMakeTmp'
Makefile:121: recipe for target 'cmTC_3e63e/fast' failed
make: *** [cmTC_3e63e/fast] Error 2

File /home/siyan/SiyanWang_ws/src/siyanwang_safety_skeleton/cmake-build-debug/CMakeFiles/CMakeTmp/CheckSymbolExists.c:
/* */
#include <pthread.h>

int main(int argc, char** argv)
{
  (void)argv;
#ifndef pthread_create
  return ((int*)(&pthread_create))[argc];
#else
  (void)argc;
  return 0;
#endif
}

Determining if the function pthread_create exists in the pthreads failed with the following output:
Change Dir: /home/siyan/SiyanWang_ws/src/siyanwang_safety_skeleton/cmake-build-debug/CMakeFiles/CMakeTmp

Run Build Command(s):/usr/bin/make cmTC_d68df/fast 
/usr/bin/make -f CMakeFiles/cmTC_d68df.dir/build.make CMakeFiles/cmTC_d68df.dir/build
make[1]: Entering directory '/home/siyan/SiyanWang_ws/src/siyanwang_safety_skeleton/cmake-build-debug/CMakeFiles/CMakeTmp'
Building C object CMakeFiles/cmTC_d68df.dir/CheckFunctionExists.c.o
/usr/bin/cc   -DCHECK_FUNCTION_EXISTS=pthread_create   -o CMakeFiles/cmTC_d68df.dir/CheckFunctionExists.c.o   -c /home/siyan/clion-2019.2.1/bin/cmake/linux/share/cmake-3.14/Modules/CheckFunctionExists.c
Linking C executable cmTC_d68df
/home/siyan/clion-2019.2.1/bin/cmake/linux/bin/cmake -E cmake_link_script CMakeFiles/cmTC_d68df.dir/link.txt --verbose=1
/usr/bin/cc  -DCHECK_FUNCTION_EXISTS=pthread_create    -rdynamic CMakeFiles/cmTC_d68df.dir/CheckFunctionExists.c.o  -o cmTC_d68df -lpthreads 
/usr/bin/ld: cannot find -lpthreads
collect2: error: ld returned 1 exit status
CMakeFiles/cmTC_d68df.dir/build.make:86: recipe for target 'cmTC_d68df' failed
make[1]: *** [cmTC_d68df] Error 1
make[1]: Leaving directory '/home/siyan/SiyanWang_ws/src/siyanwang_safety_skeleton/cmake-build-debug/CMakeFiles/CMakeTmp'
Makefile:121: recipe for target 'cmTC_d68df/fast' failed
make: *** [cmTC_d68df/fast] Error 2


