Determining if the pthread_create exist failed with the following output:
Change Dir: /home/siyan/SiyanWang_ws/src/siyanwang_wall_follow/cmake-build-debug/CMakeFiles/CMakeTmp

Run Build Command(s):/usr/bin/make cmTC_9bc44/fast 
/usr/bin/make -f CMakeFiles/cmTC_9bc44.dir/build.make CMakeFiles/cmTC_9bc44.dir/build
make[1]: Entering directory '/home/siyan/SiyanWang_ws/src/siyanwang_wall_follow/cmake-build-debug/CMakeFiles/CMakeTmp'
Building C object CMakeFiles/cmTC_9bc44.dir/CheckSymbolExists.c.o
/usr/bin/cc    -o CMakeFiles/cmTC_9bc44.dir/CheckSymbolExists.c.o   -c /home/siyan/SiyanWang_ws/src/siyanwang_wall_follow/cmake-build-debug/CMakeFiles/CMakeTmp/CheckSymbolExists.c
Linking C executable cmTC_9bc44
/home/siyan/clion-2019.2.1/bin/cmake/linux/bin/cmake -E cmake_link_script CMakeFiles/cmTC_9bc44.dir/link.txt --verbose=1
/usr/bin/cc      -rdynamic CMakeFiles/cmTC_9bc44.dir/CheckSymbolExists.c.o  -o cmTC_9bc44 
CMakeFiles/cmTC_9bc44.dir/CheckSymbolExists.c.o: In function `main':
CheckSymbolExists.c:(.text+0x16): undefined reference to `pthread_create'
collect2: error: ld returned 1 exit status
CMakeFiles/cmTC_9bc44.dir/build.make:86: recipe for target 'cmTC_9bc44' failed
make[1]: *** [cmTC_9bc44] Error 1
make[1]: Leaving directory '/home/siyan/SiyanWang_ws/src/siyanwang_wall_follow/cmake-build-debug/CMakeFiles/CMakeTmp'
Makefile:121: recipe for target 'cmTC_9bc44/fast' failed
make: *** [cmTC_9bc44/fast] Error 2

File /home/siyan/SiyanWang_ws/src/siyanwang_wall_follow/cmake-build-debug/CMakeFiles/CMakeTmp/CheckSymbolExists.c:
/* */
#include <pthread.h>

int main(int argc, char** argv)
{
  (void)argv;
#ifndef pthread_create
  return ((int*)(&pthread_create))[argc];
#else
  (void)argc;
  return 0;
#endif
}

Determining if the function pthread_create exists in the pthreads failed with the following output:
Change Dir: /home/siyan/SiyanWang_ws/src/siyanwang_wall_follow/cmake-build-debug/CMakeFiles/CMakeTmp

Run Build Command(s):/usr/bin/make cmTC_ea20b/fast 
/usr/bin/make -f CMakeFiles/cmTC_ea20b.dir/build.make CMakeFiles/cmTC_ea20b.dir/build
make[1]: Entering directory '/home/siyan/SiyanWang_ws/src/siyanwang_wall_follow/cmake-build-debug/CMakeFiles/CMakeTmp'
Building C object CMakeFiles/cmTC_ea20b.dir/CheckFunctionExists.c.o
/usr/bin/cc   -DCHECK_FUNCTION_EXISTS=pthread_create   -o CMakeFiles/cmTC_ea20b.dir/CheckFunctionExists.c.o   -c /home/siyan/clion-2019.2.1/bin/cmake/linux/share/cmake-3.14/Modules/CheckFunctionExists.c
Linking C executable cmTC_ea20b
/home/siyan/clion-2019.2.1/bin/cmake/linux/bin/cmake -E cmake_link_script CMakeFiles/cmTC_ea20b.dir/link.txt --verbose=1
/usr/bin/cc  -DCHECK_FUNCTION_EXISTS=pthread_create    -rdynamic CMakeFiles/cmTC_ea20b.dir/CheckFunctionExists.c.o  -o cmTC_ea20b -lpthreads 
/usr/bin/ld: cannot find -lpthreads
collect2: error: ld returned 1 exit status
CMakeFiles/cmTC_ea20b.dir/build.make:86: recipe for target 'cmTC_ea20b' failed
make[1]: *** [cmTC_ea20b] Error 1
make[1]: Leaving directory '/home/siyan/SiyanWang_ws/src/siyanwang_wall_follow/cmake-build-debug/CMakeFiles/CMakeTmp'
Makefile:121: recipe for target 'cmTC_ea20b/fast' failed
make: *** [cmTC_ea20b/fast] Error 2


